
ROM used:   1014/8192 (12%)
            1014/8192 (12%) including unused fragments

            0.8 Average locations per line
            4.1 Average locations per statement

RAM used:   28/368 (8%) at main() level
            36/368 (10%) worst case

Stack used: 3 worst case (1 in main + 2 for interrupts)
Stack size: 8

Lines Stmts  %   Files
----- ----- ---  -----
  103    32  13  Luz_Receptor.c
  620     0   0  ..\..\..\..\..\..\..\Program Files (x86)\PICC\Devices\16F876A.h
  602   216  87  lib_rf2gh4_10.h
----- -----
 1325   248 Total

Page ROM  %  RAM   Vol Diff  Functions:
---- --- --- ---   --- ----  ----------
 Inline         1             @delay_ms1
0     30   3    0   143  2.2  RF_CONFIG_SPI
0     15   1    0   119  1.7  RF_INT_EN
0    581  57    2  2193  2.0  RF_CONFIG
0     74   7    0   149  1.3  RF_ON
0    160  16    5   964  6.5  RF_RECEIVE
0     45   4    1   522  5.7  int_RB0
0      9   1    0    61  2.3  interrupcion
0     46   5    0   161  2.6  MAIN
 Inline         0             @cinit1

Program metrics:
    Functions               8
    Statements              248
    Comments                344
    Volume (V)              5943
    Difficulty (D)          25.3
    Effort to implement (E) 150426
    Time to implement (T)   2 hours, 19 minutes
    Est Delivered Bugs (B)  1
    Cyclomatic Complexity   9
    Maintainability (MI)    47

 Segment     Used  Free
-----------  ----  ----
00000-00003     4  0  
00004-00035    50  0  
00036-007FF   960  1034  
00800-00FFF     0  2048  
01000-017FF     0  2048  
01800-01FFF     0  2048  



