
ROM used:   1544/8192 (19%)
            1544/8192 (19%) including unused fragments

            1.1 Average locations per line
            5.5 Average locations per statement

RAM used:   34/368 (9%) at main() level
            37/368 (10%) worst case

Stack used: 3 worst case (2 in main + 1 for interrupts)
Stack size: 8

Lines Stmts  %   Files
----- ----- ---  -----
  152    66  23  Luz_Emisor.c
  620     0   0  ..\..\..\..\..\..\..\Program Files (x86)\PICC\Devices\16F876A.h
  602   216  77  lib_rf2gh4_10.h
----- -----
 1374   282 Total

Page ROM  %  RAM   Vol Diff  Functions:
---- --- --- ---   --- ----  ----------
0     21   1    1             @delay_ms1
0     30   2    0   143  2.2  RF_CONFIG_SPI
0     15   1    0   119  1.7  RF_INT_EN
0    581  38    2  2193  2.0  RF_CONFIG
0     55   4    0   149  1.3  RF_ON
0    592  38    4  3092  8.0  RF_SEND
0      4   0    0     3  0.0  respuesta
0     23   1    0   282  4.1  interrupcion
0    169  11    2  1454  5.4  MAIN
 Inline         0             @cinit1

Program metrics:
    Functions               8
    Statements              282
    Comments                357
    Volume (V)              9802
    Difficulty (D)          26.2
    Effort to implement (E) 256948
    Time to implement (T)   3 hours, 58 minutes
    Est Delivered Bugs (B)  1
    Cyclomatic Complexity   13
    Maintainability (MI)    36

 Segment     Used  Free
-----------  ----  ----
00000-00003     4  0  
00004-00035    50  0  
00036-007FF  1490  504  
00800-00FFF     0  2048  
01000-017FF     0  2048  
01800-01FFF     0  2048  



